# JRE version: OpenJDK Runtime Environment Temurin-11.0.17+8 (11.0.17+8) (build 11.0.17+8)
# Java VM: OpenJDK 64-Bit Server VM Temurin-11.0.17+8 (11.0.17+8, mixed mode, tiered, compressed oops, g1 gc, windows-amd64)
Heap:
 garbage-first heap   total 293888K, used 212201K [0x00000000c0000000, 0x0000000100000000)
  region size 1024K, 7 young (7168K), 1 survivors (1024K)
 Metaspace       used 118361K, capacity 127195K, committed 127268K, reserved 1159168K
  class space    used 13645K, capacity 16714K, committed 16768K, reserved 1048576K
GC Heap History (20 events):
Event: 314.682 GC heap before
{Heap before GC invocations=63 (full 0):
 garbage-first heap   total 262144K, used 199086K [0x00000000c0000000, 0x0000000100000000)
  region size 1024K, 12 young (12288K), 2 survivors (2048K)
 Metaspace       used 117629K, capacity 126383K, committed 126500K, reserved 1159168K
  class space    used 13605K, capacity 16680K, committed 16768K, reserved 1048576K
}
Event: 314.780 GC heap after
{Heap after GC invocations=64 (full 0):
 garbage-first heap   total 293888K, used 179583K [0x00000000c0000000, 0x0000000100000000)
  region size 1024K, 2 young (2048K), 2 survivors (2048K)
 Metaspace       used 117629K, capacity 126383K, committed 126500K, reserved 1159168K
  class space    used 13605K, capacity 16680K, committed 16768K, reserved 1048576K
}
Event: 316.612 GC heap before
{Heap before GC invocations=64 (full 0):
 garbage-first heap   total 293888K, used 209279K [0x00000000c0000000, 0x0000000100000000)
  region size 1024K, 14 young (14336K), 2 survivors (2048K)
 Metaspace       used 117644K, capacity 126383K, committed 126500K, reserved 1159168K
  class space    used 13605K, capacity 16680K, committed 16768K, reserved 1048576K
}
Event: 316.651 GC heap after
{Heap after GC invocations=65 (full 0):
 garbage-first heap   total 293888K, used 182542K [0x00000000c0000000, 0x0000000100000000)
  region size 1024K, 2 young (2048K), 2 survivors (2048K)
 Metaspace       used 117644K, capacity 126383K, committed 126500K, reserved 1159168K
  class space    used 13605K, capacity 16680K, committed 16768K, reserved 1048576K
}
Event: 317.940 GC heap before
{Heap before GC invocations=65 (full 0):
 garbage-first heap   total 293888K, used 199950K [0x00000000c0000000, 0x0000000100000000)
  region size 1024K, 14 young (14336K), 2 survivors (2048K)
 Metaspace       used 117649K, capacity 126447K, committed 126756K, reserved 1159168K
  class space    used 13605K, capacity 16680K, committed 16768K, reserved 1048576K
}
Event: 318.004 GC heap after
{Heap after GC invocations=66 (full 0):
 garbage-first heap   total 293888K, used 187626K [0x00000000c0000000, 0x0000000100000000)
  region size 1024K, 2 young (2048K), 2 survivors (2048K)
 Metaspace       used 117649K, capacity 126447K, committed 126756K, reserved 1159168K
  class space    used 13605K, capacity 16680K, committed 16768K, reserved 1048576K
}
Event: 326.900 GC heap before
{Heap before GC invocations=66 (full 0):
 garbage-first heap   total 293888K, used 211178K [0x00000000c0000000, 0x0000000100000000)
  region size 1024K, 14 young (14336K), 2 survivors (2048K)
 Metaspace       used 117924K, capacity 126703K, committed 127012K, reserved 1159168K
  class space    used 13620K, capacity 16680K, committed 16768K, reserved 1048576K
}
Event: 327.121 GC heap after
{Heap after GC invocations=67 (full 0):
 garbage-first heap   total 293888K, used 188989K [0x00000000c0000000, 0x0000000100000000)
  region size 1024K, 2 young (2048K), 2 survivors (2048K)
 Metaspace       used 117924K, capacity 126703K, committed 127012K, reserved 1159168K
  class space    used 13620K, capacity 16680K, committed 16768K, reserved 1048576K
}
Event: 329.031 GC heap before
{Heap before GC invocations=67 (full 0):
 garbage-first heap   total 293888K, used 215613K [0x00000000c0000000, 0x0000000100000000)
  region size 1024K, 14 young (14336K), 2 survivors (2048K)
 Metaspace       used 118049K, capacity 126831K, committed 127012K, reserved 1159168K
  class space    used 13627K, capacity 16680K, committed 16768K, reserved 1048576K
}
Event: 330.047 GC heap after
{Heap after GC invocations=68 (full 0):
 garbage-first heap   total 293888K, used 200161K [0x00000000c0000000, 0x0000000100000000)
  region size 1024K, 2 young (2048K), 2 survivors (2048K)
 Metaspace       used 118049K, capacity 126831K, committed 127012K, reserved 1159168K
  class space    used 13627K, capacity 16680K, committed 16768K, reserved 1048576K
}
Event: 332.685 GC heap before
{Heap before GC invocations=68 (full 0):
 garbage-first heap   total 293888K, used 223713K [0x00000000c0000000, 0x0000000100000000)
  region size 1024K, 14 young (14336K), 2 survivors (2048K)
 Metaspace       used 118097K, capacity 126895K, committed 127012K, reserved 1159168K
  class space    used 13628K, capacity 16680K, committed 16768K, reserved 1048576K
}
Event: 332.738 GC heap after
{Heap after GC invocations=69 (full 0):
 garbage-first heap   total 293888K, used 192281K [0x00000000c0000000, 0x0000000100000000)
  region size 1024K, 2 young (2048K), 2 survivors (2048K)
 Metaspace       used 118097K, capacity 126895K, committed 127012K, reserved 1159168K
  class space    used 13628K, capacity 16680K, committed 16768K, reserved 1048576K
}
Event: 335.759 GC heap before
{Heap before GC invocations=69 (full 0):
 garbage-first heap   total 293888K, used 204569K [0x00000000c0000000, 0x0000000100000000)
  region size 1024K, 14 young (14336K), 2 survivors (2048K)
 Metaspace       used 118288K, capacity 127131K, committed 127268K, reserved 1159168K
  class space    used 13644K, capacity 16714K, committed 16768K, reserved 1048576K
}
Event: 335.792 GC heap after
{Heap after GC invocations=70 (full 0):
 garbage-first heap   total 293888K, used 193772K [0x00000000c0000000, 0x0000000100000000)
  region size 1024K, 2 young (2048K), 2 survivors (2048K)
 Metaspace       used 118288K, capacity 127131K, committed 127268K, reserved 1159168K
  class space    used 13644K, capacity 16714K, committed 16768K, reserved 1048576K
}
Event: 336.337 GC heap before
{Heap before GC invocations=70 (full 0):
 garbage-first heap   total 293888K, used 206060K [0x00000000c0000000, 0x0000000100000000)
  region size 1024K, 14 young (14336K), 2 survivors (2048K)
 Metaspace       used 118342K, capacity 127131K, committed 127268K, reserved 1159168K
  class space    used 13644K, capacity 16714K, committed 16768K, reserved 1048576K
}
Event: 336.355 GC heap after
{Heap after GC invocations=71 (full 0):
 garbage-first heap   total 293888K, used 195157K [0x00000000c0000000, 0x0000000100000000)
  region size 1024K, 2 young (2048K), 2 survivors (2048K)
 Metaspace       used 118342K, capacity 127131K, committed 127268K, reserved 1159168K
  class space    used 13644K, capacity 16714K, committed 16768K, reserved 1048576K
}
Event: 339.722 GC heap before
{Heap before GC invocations=71 (full 0):
 garbage-first heap   total 293888K, used 218709K [0x00000000c0000000, 0x0000000100000000)
  region size 1024K, 14 young (14336K), 2 survivors (2048K)
 Metaspace       used 118352K, capacity 127131K, committed 127268K, reserved 1159168K
  class space    used 13645K, capacity 16714K, committed 16768K, reserved 1048576K
}
Event: 339.906 GC heap after
{Heap after GC invocations=72 (full 0):
 garbage-first heap   total 293888K, used 206088K [0x00000000c0000000, 0x0000000100000000)
  region size 1024K, 2 young (2048K), 2 survivors (2048K)
 Metaspace       used 118352K, capacity 127131K, committed 127268K, reserved 1159168K
  class space    used 13645K, capacity 16714K, committed 16768K, reserved 1048576K
}
Event: 340.724 GC heap before
{Heap before GC invocations=72 (full 0):
 garbage-first heap   total 293888K, used 232712K [0x00000000c0000000, 0x0000000100000000)
  region size 1024K, 14 young (14336K), 2 survivors (2048K)
 Metaspace       used 118356K, capacity 127131K, committed 127268K, reserved 1159168K
  class space    used 13645K, capacity 16714K, committed 16768K, reserved 1048576K
}
Event: 340.805 GC heap after
{Heap after GC invocations=73 (full 0):
 garbage-first heap   total 293888K, used 207081K [0x00000000c0000000, 0x0000000100000000)
  region size 1024K, 1 young (1024K), 1 survivors (1024K)
 Metaspace       used 118356K, capacity 127131K, committed 127268K, reserved 1159168K
  class space    used 13645K, capacity 16714K, committed 16768K, reserved 1048576K
}

